<?xml version="1.0" encoding="UTF-8"?>
<testsuite name="com.example.pet.demo.DemoApplicationTests" tests="1" skipped="0" failures="0" errors="0" timestamp="2025-11-05T06:25:39.941Z" hostname="윤정혁" time="0.271">
  <properties/>
  <testcase name="contextLoads()" classname="com.example.pet.demo.DemoApplicationTests" time="0.271"/>
  <system-out><![CDATA[15:25:34.163 [Test worker] INFO org.springframework.test.context.support.AnnotationConfigContextLoaderUtils -- Could not detect default configuration classes for test class [com.example.pet.demo.DemoApplicationTests]: DemoApplicationTests does not declare any static, non-private, non-final, nested classes annotated with @Configuration.
15:25:34.266 [Test worker] INFO org.springframework.boot.test.context.SpringBootTestContextBootstrapper -- Found @SpringBootConfiguration com.example.pet.demo.DemoApplication for test class com.example.pet.demo.DemoApplicationTests

  .   ____          _            __ _ _
 /\\ / ___'_ __ _ _(_)_ __  __ _ \ \ \ \
( ( )\___ | '_ | '_| | '_ \/ _` | \ \ \ \
 \\/  ___)| |_)| | | | | || (_| |  ) ) ) )
  '  |____| .__|_| |_|_| |_\__, | / / / /
 =========|_|==============|___/=/_/_/_/

 :: Spring Boot ::                (v3.5.7)

2025-11-05T15:25:34.565+09:00  INFO 33620 --- [demo] [    Test worker] c.example.pet.demo.DemoApplicationTests  : Starting DemoApplicationTests using Java 21.0.9 with PID 33620 (started by doq04 in C:\projects\backend\demo)
2025-11-05T15:25:34.566+09:00  INFO 33620 --- [demo] [    Test worker] c.example.pet.demo.DemoApplicationTests  : No active profile set, falling back to 1 default profile: "default"
2025-11-05T15:25:35.360+09:00  INFO 33620 --- [demo] [    Test worker] .s.d.r.c.RepositoryConfigurationDelegate : Bootstrapping Spring Data JPA repositories in DEFAULT mode.
2025-11-05T15:25:35.417+09:00  INFO 33620 --- [demo] [    Test worker] .s.d.r.c.RepositoryConfigurationDelegate : Finished Spring Data repository scanning in 48 ms. Found 1 JPA repository interface.
2025-11-05T15:25:36.168+09:00  INFO 33620 --- [demo] [    Test worker] o.hibernate.jpa.internal.util.LogHelper  : HHH000204: Processing PersistenceUnitInfo [name: default]
2025-11-05T15:25:36.257+09:00  INFO 33620 --- [demo] [    Test worker] org.hibernate.Version                    : HHH000412: Hibernate ORM core version 6.6.33.Final
2025-11-05T15:25:36.290+09:00  INFO 33620 --- [demo] [    Test worker] o.h.c.internal.RegionFactoryInitiator    : HHH000026: Second-level cache disabled
2025-11-05T15:25:36.492+09:00  INFO 33620 --- [demo] [    Test worker] o.s.o.j.p.SpringPersistenceUnitInfo      : No LoadTimeWeaver setup: ignoring JPA class transformer
2025-11-05T15:25:36.509+09:00  INFO 33620 --- [demo] [    Test worker] com.zaxxer.hikari.HikariDataSource       : HikariPool-1 - Starting...
2025-11-05T15:25:36.910+09:00  INFO 33620 --- [demo] [    Test worker] com.zaxxer.hikari.pool.HikariPool        : HikariPool-1 - Added connection com.mysql.cj.jdbc.ConnectionImpl@2c557eee
2025-11-05T15:25:36.912+09:00  INFO 33620 --- [demo] [    Test worker] com.zaxxer.hikari.HikariDataSource       : HikariPool-1 - Start completed.
2025-11-05T15:25:36.989+09:00  INFO 33620 --- [demo] [    Test worker] org.hibernate.orm.connections.pooling    : HHH10001005: Database info:
	Database JDBC URL [Connecting through datasource 'HikariDataSource (HikariPool-1)']
	Database driver: undefined/unknown
	Database version: 8.0.26
	Autocommit mode: undefined/unknown
	Isolation level: undefined/unknown
	Minimum pool size: undefined/unknown
	Maximum pool size: undefined/unknown
2025-11-05T15:25:37.553+09:00  INFO 33620 --- [demo] [    Test worker] o.h.e.t.j.p.i.JtaPlatformInitiator       : HHH000489: No JTA platform available (set 'hibernate.transaction.jta.platform' to enable JTA platform integration)
2025-11-05T15:25:37.556+09:00  INFO 33620 --- [demo] [    Test worker] j.LocalContainerEntityManagerFactoryBean : Initialized JPA EntityManagerFactory for persistence unit 'default'
2025-11-05T15:25:37.862+09:00  INFO 33620 --- [demo] [    Test worker] o.s.d.j.r.query.QueryEnhancerFactory     : Hibernate is in classpath; If applicable, HQL parser will be used.
2025-11-05T15:25:39.429+09:00  WARN 33620 --- [demo] [    Test worker] .s.s.UserDetailsServiceAutoConfiguration : 

Using generated security password: 74438dd4-25c6-4ed0-bb25-ae05c3ba6bad

This generated password is for development use only. Your security configuration must be updated before running your application in production.

2025-11-05T15:25:39.439+09:00  INFO 33620 --- [demo] [    Test worker] r$InitializeUserDetailsManagerConfigurer : Global AuthenticationManager configured with UserDetailsService bean with name inMemoryUserDetailsManager
2025-11-05T15:25:39.749+09:00  WARN 33620 --- [demo] [    Test worker] ion$DefaultTemplateResolverConfiguration : Cannot find template location: classpath:/templates/ (please add some templates, check your Thymeleaf configuration, or set spring.thymeleaf.check-template-location=false)
2025-11-05T15:25:39.925+09:00  INFO 33620 --- [demo] [    Test worker] c.example.pet.demo.DemoApplicationTests  : Started DemoApplicationTests in 5.549 seconds (process running for 6.408)
]]></system-out>
  <system-err><![CDATA[Mockito is currently self-attaching to enable the inline-mock-maker. This will no longer work in future releases of the JDK. Please add Mockito as an agent to your build as described in Mockito's documentation: https://javadoc.io/doc/org.mockito/mockito-core/latest/org.mockito/org/mockito/Mockito.html#0.3
WARNING: A Java agent has been loaded dynamically (C:\Users\doq04\.gradle\caches\modules-2\files-2.1\net.bytebuddy\byte-buddy-agent\1.17.8\f09415827a71be7ed621c7bd02550678f28bc81c\byte-buddy-agent-1.17.8.jar)
WARNING: If a serviceability tool is in use, please run with -XX:+EnableDynamicAgentLoading to hide this warning
WARNING: If a serviceability tool is not in use, please run with -Djdk.instrument.traceUsage for more information
WARNING: Dynamic loading of agents will be disallowed by default in a future release
]]></system-err>
</testsuite>
